{"/Users/blissman/Documents/Repositories/Personal/gulpBuild/src/hello.js": {"path":"/Users/blissman/Documents/Repositories/Personal/gulpBuild/src/hello.js","statementMap":{"0":{"start":{"line":2,"column":4},"end":{"line":2,"column":34}},"1":{"start":{"line":5,"column":0},"end":{"line":5,"column":23}}},"fnMap":{"0":{"name":"greet","decl":{"start":{"line":1,"column":9},"end":{"line":1,"column":14}},"loc":{"start":{"line":1,"column":21},"end":{"line":3,"column":1}},"line":1}},"branchMap":{},"s":{"0":1,"1":1},"f":{"0":1},"b":{},"_coverageSchema":"43e27e138ebf9cfc5966b082cf9a028302ed4184","hash":"60cf8884c66938d770ccae2778aa7dd009af6e7e"}
}
